[ 2016-01-07T09:44:39+08:00 ] 127.0.0.1 /index.php/Admin/Manager/ajaxCheckName
INFO: [ app_begin ] --START--
INFO: Run Behavior\ReadHtmlCacheBehavior [ RunTime:0.000827s ]
INFO: [ app_begin ] --END-- [ RunTime:0.001584s ]
SQL: SHOW COLUMNS FROM `feiyue_user` [ RunTime:0.0065s ]
SQL: SELECT COUNT(*) AS tp_count FROM `feiyue_user` WHERE `username` = 'admin' LIMIT 1   [ RunTime:0.0018s ]

[ 2016-01-07T11:01:34+08:00 ] 192.168.122.28 /index.php/Admin/Manager/ajaxCheckName
INFO: [ app_begin ] --START--
INFO: Run Behavior\ReadHtmlCacheBehavior [ RunTime:0.000500s ]
INFO: [ app_begin ] --END-- [ RunTime:0.000944s ]
SQL: SHOW COLUMNS FROM `feiyue_user` [ RunTime:0.0040s ]
SQL: SELECT COUNT(*) AS tp_count FROM `feiyue_user` WHERE `username` = 'admin' LIMIT 1   [ RunTime:0.0003s ]

[ 2016-01-07T12:33:35+08:00 ] 192.168.122.28 /index.php/Admin/Manager/ajaxCheckName
INFO: [ app_begin ] --START--
INFO: Run Behavior\ReadHtmlCacheBehavior [ RunTime:0.000526s ]
INFO: [ app_begin ] --END-- [ RunTime:0.000986s ]
SQL: SHOW COLUMNS FROM `feiyue_user` [ RunTime:0.0040s ]
SQL: SELECT COUNT(*) AS tp_count FROM `feiyue_user` WHERE `username` = '15011223344' LIMIT 1   [ RunTime:0.0003s ]

[ 2016-01-07T12:36:43+08:00 ] 192.168.122.28 /index.php/Admin/Manager/ajaxCheckName
INFO: [ app_begin ] --START--
INFO: Run Behavior\ReadHtmlCacheBehavior [ RunTime:0.000855s ]
INFO: [ app_begin ] --END-- [ RunTime:0.001504s ]
SQL: SHOW COLUMNS FROM `feiyue_user` [ RunTime:0.0033s ]
SQL: SELECT COUNT(*) AS tp_count FROM `feiyue_user` WHERE `username` = 'admin' LIMIT 1   [ RunTime:0.0004s ]

[ 2016-01-07T12:36:54+08:00 ] 192.168.122.28 /index.php/Admin/Manager/ajaxCheckName
INFO: [ app_begin ] --START--
INFO: Run Behavior\ReadHtmlCacheBehavior [ RunTime:0.000498s ]
INFO: [ app_begin ] --END-- [ RunTime:0.000854s ]
SQL: SHOW COLUMNS FROM `feiyue_user` [ RunTime:0.0035s ]
SQL: SELECT COUNT(*) AS tp_count FROM `feiyue_user` WHERE `username` = 'admin' LIMIT 1   [ RunTime:0.0003s ]

[ 2016-01-07T12:58:18+08:00 ] 192.168.122.28 /index.php/Admin/Manager/ajaxCheckName
INFO: [ app_begin ] --START--
INFO: Run Behavior\ReadHtmlCacheBehavior [ RunTime:0.000844s ]
INFO: [ app_begin ] --END-- [ RunTime:0.001217s ]
SQL: SHOW COLUMNS FROM `feiyue_user` [ RunTime:0.0043s ]
SQL: SELECT COUNT(*) AS tp_count FROM `feiyue_user` WHERE `username` = '17710615056' LIMIT 1   [ RunTime:0.0003s ]

[ 2016-01-07T13:01:38+08:00 ] 192.168.122.28 /index.php/Admin/Manager/ajaxCheckName
INFO: [ app_begin ] --START--
INFO: Run Behavior\ReadHtmlCacheBehavior [ RunTime:0.001304s ]
INFO: [ app_begin ] --END-- [ RunTime:0.002354s ]
SQL: SHOW COLUMNS FROM `feiyue_user` [ RunTime:0.0039s ]
SQL: SELECT COUNT(*) AS tp_count FROM `feiyue_user` WHERE `username` = '17710615056' LIMIT 1   [ RunTime:0.0009s ]

[ 2016-01-07T13:02:13+08:00 ] 192.168.122.28 /index.php/Admin/Manager/ajaxCheckName
INFO: [ app_begin ] --START--
INFO: Run Behavior\ReadHtmlCacheBehavior [ RunTime:0.000631s ]
INFO: [ app_begin ] --END-- [ RunTime:0.001089s ]
SQL: SHOW COLUMNS FROM `feiyue_user` [ RunTime:0.0042s ]
SQL: SELECT COUNT(*) AS tp_count FROM `feiyue_user` WHERE `username` = '17710615056' LIMIT 1   [ RunTime:0.0003s ]

[ 2016-01-07T13:02:54+08:00 ] 192.168.122.28 /index.php/Admin/Manager/ajaxCheckName
INFO: [ app_begin ] --START--
INFO: Run Behavior\ReadHtmlCacheBehavior [ RunTime:0.017865s ]
INFO: [ app_begin ] --END-- [ RunTime:0.027357s ]
SQL: SHOW COLUMNS FROM `feiyue_user` [ RunTime:0.0041s ]
SQL: SELECT COUNT(*) AS tp_count FROM `feiyue_user` WHERE `username` = 'admin' LIMIT 1   [ RunTime:0.0003s ]

[ 2016-01-07T13:03:02+08:00 ] 192.168.122.28 /index.php/Admin/Manager/ajaxCheckName
INFO: [ app_begin ] --START--
INFO: Run Behavior\ReadHtmlCacheBehavior [ RunTime:0.000743s ]
INFO: [ app_begin ] --END-- [ RunTime:0.001242s ]
SQL: SHOW COLUMNS FROM `feiyue_user` [ RunTime:0.0033s ]
SQL: SELECT COUNT(*) AS tp_count FROM `feiyue_user` WHERE `username` = 'admin' LIMIT 1   [ RunTime:0.0003s ]

[ 2016-01-07T13:04:19+08:00 ] 192.168.122.28 /index.php/Admin/Manager/ajaxCheckName
INFO: [ app_begin ] --START--
INFO: Run Behavior\ReadHtmlCacheBehavior [ RunTime:0.002570s ]
INFO: [ app_begin ] --END-- [ RunTime:0.040856s ]
SQL: SHOW COLUMNS FROM `feiyue_user` [ RunTime:0.0064s ]
SQL: SELECT COUNT(*) AS tp_count FROM `feiyue_user` WHERE `username` = 'admin' LIMIT 1   [ RunTime:0.0006s ]

[ 2016-01-07T13:12:34+08:00 ] 192.168.122.28 /index.php/Admin/Manager/ajaxCheckName
INFO: [ app_begin ] --START--
INFO: Run Behavior\ReadHtmlCacheBehavior [ RunTime:0.000886s ]
INFO: [ app_begin ] --END-- [ RunTime:0.001426s ]
SQL: SHOW COLUMNS FROM `feiyue_user` [ RunTime:0.3253s ]
SQL: SELECT COUNT(*) AS tp_count FROM `feiyue_user` WHERE `username` = 'admin' LIMIT 1   [ RunTime:2.8310s ]

[ 2016-01-07T13:12:43+08:00 ] 192.168.122.28 /index.php/Admin/Manager/ajaxCheckName
INFO: [ app_begin ] --START--
INFO: Run Behavior\ReadHtmlCacheBehavior [ RunTime:0.000852s ]
INFO: [ app_begin ] --END-- [ RunTime:0.001376s ]
SQL: SHOW COLUMNS FROM `feiyue_user` [ RunTime:0.0233s ]
SQL: SELECT COUNT(*) AS tp_count FROM `feiyue_user` WHERE `username` = 'admin' LIMIT 1   [ RunTime:0.0004s ]

[ 2016-01-07T13:12:55+08:00 ] 192.168.122.28 /index.php/Admin/Manager/ajaxCheckName
INFO: [ app_begin ] --START--
INFO: Run Behavior\ReadHtmlCacheBehavior [ RunTime:0.001064s ]
INFO: [ app_begin ] --END-- [ RunTime:0.001628s ]
SQL: SHOW COLUMNS FROM `feiyue_user` [ RunTime:0.2316s ]
SQL: SELECT COUNT(*) AS tp_count FROM `feiyue_user` WHERE `username` = 'admin' LIMIT 1   [ RunTime:0.0005s ]

[ 2016-01-07T13:13:16+08:00 ] 192.168.122.28 /index.php/Admin/Manager/ajaxCheckName
INFO: [ app_begin ] --START--
INFO: Run Behavior\ReadHtmlCacheBehavior [ RunTime:0.000634s ]
INFO: [ app_begin ] --END-- [ RunTime:0.001030s ]
SQL: SHOW COLUMNS FROM `feiyue_user` [ RunTime:0.0040s ]
SQL: SELECT COUNT(*) AS tp_count FROM `feiyue_user` WHERE `username` = '17710615056' LIMIT 1   [ RunTime:0.0003s ]

[ 2016-01-07T13:13:41+08:00 ] 192.168.122.28 /index.php/Admin/Manager/ajaxCheckName
INFO: [ app_begin ] --START--
INFO: Run Behavior\ReadHtmlCacheBehavior [ RunTime:0.000635s ]
INFO: [ app_begin ] --END-- [ RunTime:0.001078s ]
SQL: SHOW COLUMNS FROM `feiyue_user` [ RunTime:0.0035s ]
SQL: SELECT COUNT(*) AS tp_count FROM `feiyue_user` WHERE `username` = '17710615056' LIMIT 1   [ RunTime:0.0003s ]

[ 2016-01-07T13:14:06+08:00 ] 192.168.122.28 /index.php/Admin/Manager/ajaxCheckName
INFO: [ app_begin ] --START--
INFO: Run Behavior\ReadHtmlCacheBehavior [ RunTime:0.001813s ]
INFO: [ app_begin ] --END-- [ RunTime:0.003133s ]
SQL: SHOW COLUMNS FROM `feiyue_user` [ RunTime:0.0243s ]
SQL: SELECT COUNT(*) AS tp_count FROM `feiyue_user` WHERE `username` = 'admin' LIMIT 1   [ RunTime:0.0016s ]

[ 2016-01-07T13:14:41+08:00 ] 192.168.122.28 /index.php/Admin/Manager/ajaxCheckName
INFO: [ app_begin ] --START--
INFO: Run Behavior\ReadHtmlCacheBehavior [ RunTime:0.002067s ]
INFO: [ app_begin ] --END-- [ RunTime:0.003351s ]
SQL: SHOW COLUMNS FROM `feiyue_user` [ RunTime:0.0146s ]
SQL: SELECT COUNT(*) AS tp_count FROM `feiyue_user` WHERE `username` = '17710615056' LIMIT 1   [ RunTime:0.0010s ]

[ 2016-01-07T13:16:06+08:00 ] 192.168.122.28 /index.php/Admin/Manager/ajaxCheckName
INFO: [ app_begin ] --START--
INFO: Run Behavior\ReadHtmlCacheBehavior [ RunTime:0.003497s ]
INFO: [ app_begin ] --END-- [ RunTime:0.005596s ]
SQL: SHOW COLUMNS FROM `feiyue_user` [ RunTime:0.0544s ]
SQL: SELECT COUNT(*) AS tp_count FROM `feiyue_user` WHERE `username` = 'admin' LIMIT 1   [ RunTime:0.0011s ]

[ 2016-01-07T13:16:19+08:00 ] 192.168.122.28 /index.php/Admin/Manager/ajaxCheckName
INFO: [ app_begin ] --START--
INFO: Run Behavior\ReadHtmlCacheBehavior [ RunTime:0.000526s ]
INFO: [ app_begin ] --END-- [ RunTime:0.000930s ]
SQL: SHOW COLUMNS FROM `feiyue_user` [ RunTime:0.0057s ]
SQL: SELECT COUNT(*) AS tp_count FROM `feiyue_user` WHERE `username` = 'admin' LIMIT 1   [ RunTime:0.0005s ]

[ 2016-01-07T13:16:28+08:00 ] 192.168.122.28 /index.php/Admin/Manager/ajaxCheckName
INFO: [ app_begin ] --START--
INFO: Run Behavior\ReadHtmlCacheBehavior [ RunTime:0.000477s ]
INFO: [ app_begin ] --END-- [ RunTime:0.000851s ]
SQL: SHOW COLUMNS FROM `feiyue_user` [ RunTime:0.0220s ]
SQL: SELECT COUNT(*) AS tp_count FROM `feiyue_user` WHERE `username` = 'admin' LIMIT 1   [ RunTime:0.0005s ]

[ 2016-01-07T13:20:52+08:00 ] 192.168.122.28 /index.php/Admin/Manager/ajaxCheckName
INFO: [ app_begin ] --START--
INFO: Run Behavior\ReadHtmlCacheBehavior [ RunTime:0.003205s ]
INFO: [ app_begin ] --END-- [ RunTime:0.005127s ]
SQL: SHOW COLUMNS FROM `feiyue_user` [ RunTime:0.0152s ]
SQL: SELECT COUNT(*) AS tp_count FROM `feiyue_user` WHERE `username` = '17710615056' LIMIT 1   [ RunTime:0.0010s ]

[ 2016-01-07T13:37:53+08:00 ] 192.168.122.249 /index.php/Admin/Manager/ajaxCheckName
INFO: [ app_begin ] --START--
INFO: Run Behavior\ReadHtmlCacheBehavior [ RunTime:0.000454s ]
INFO: [ app_begin ] --END-- [ RunTime:0.000780s ]
SQL: SHOW COLUMNS FROM `feiyue_user` [ RunTime:0.0035s ]
SQL: SELECT COUNT(*) AS tp_count FROM `feiyue_user` WHERE `username` = 'admin' LIMIT 1   [ RunTime:0.0009s ]

[ 2016-01-07T17:10:39+08:00 ] 192.168.122.249 /index.php/Admin/Manager/ajaxCheckName
INFO: [ app_begin ] --START--
INFO: Run Behavior\ReadHtmlCacheBehavior [ RunTime:0.001568s ]
INFO: [ app_begin ] --END-- [ RunTime:0.002513s ]
SQL: SHOW COLUMNS FROM `feiyue_user` [ RunTime:0.0066s ]
SQL: SELECT COUNT(*) AS tp_count FROM `feiyue_user` WHERE `username` = 'admin' LIMIT 1   [ RunTime:0.0004s ]

[ 2016-01-07T19:14:04+08:00 ] 192.168.122.28 /index.php/Admin/Manager/ajaxCheckName
INFO: [ app_begin ] --START--
INFO: Run Behavior\ReadHtmlCacheBehavior [ RunTime:0.004146s ]
INFO: [ app_begin ] --END-- [ RunTime:0.009301s ]
SQL: SHOW COLUMNS FROM `feiyue_user` [ RunTime:0.2090s ]
SQL: SELECT COUNT(*) AS tp_count FROM `feiyue_user` WHERE `username` = 'admin' LIMIT 1   [ RunTime:0.0007s ]

[ 2016-01-07T19:14:21+08:00 ] 192.168.122.28 /index.php/Admin/Manager/ajaxCheckName
INFO: [ app_begin ] --START--
INFO: Run Behavior\ReadHtmlCacheBehavior [ RunTime:0.005842s ]
INFO: [ app_begin ] --END-- [ RunTime:0.008814s ]
SQL: SHOW COLUMNS FROM `feiyue_user` [ RunTime:0.1355s ]
SQL: SELECT COUNT(*) AS tp_count FROM `feiyue_user` WHERE `username` = 'admin' LIMIT 1   [ RunTime:0.0005s ]

[ 2016-01-07T20:07:36+08:00 ] 192.168.122.28 /index.php/Admin/Manager/ajaxCheckName
INFO: [ app_begin ] --START--
INFO: Run Behavior\ReadHtmlCacheBehavior [ RunTime:0.000000s ]
INFO: [ app_begin ] --END-- [ RunTime:0.015625s ]
SQL: SHOW COLUMNS FROM `feiyue_user` [ RunTime:0.0625s ]
SQL: SELECT COUNT(*) AS tp_count FROM `feiyue_user` WHERE `username` = 'admin' LIMIT 1   [ RunTime:0.0000s ]

[ 2016-01-07T20:14:52+08:00 ] 192.168.122.28 /index.php/Admin/Manager/ajaxCheckName
INFO: [ app_begin ] --START--
INFO: Run Behavior\ReadHtmlCacheBehavior [ RunTime:0.000000s ]
INFO: [ app_begin ] --END-- [ RunTime:0.000000s ]
SQL: SHOW COLUMNS FROM `feiyue_user` [ RunTime:0.0000s ]
SQL: SELECT COUNT(*) AS tp_count FROM `feiyue_user` WHERE `username` = '13293200266' LIMIT 1   [ RunTime:0.0000s ]

[ 2016-01-07T20:45:40+08:00 ] 192.168.122.28 /index.php/Admin/Manager/ajaxCheckName
INFO: [ app_begin ] --START--
INFO: Run Behavior\ReadHtmlCacheBehavior [ RunTime:0.000000s ]
INFO: [ app_begin ] --END-- [ RunTime:0.000000s ]
SQL: SHOW COLUMNS FROM `feiyue_user` [ RunTime:0.0000s ]
SQL: SELECT COUNT(*) AS tp_count FROM `feiyue_user` WHERE `username` = 'admin' LIMIT 1   [ RunTime:0.0000s ]

[ 2016-01-07T20:45:59+08:00 ] 192.168.122.28 /index.php/Admin/Manager/ajaxCheckName
INFO: [ app_begin ] --START--
INFO: Run Behavior\ReadHtmlCacheBehavior [ RunTime:0.000000s ]
INFO: [ app_begin ] --END-- [ RunTime:0.000000s ]
SQL: SHOW COLUMNS FROM `feiyue_user` [ RunTime:0.0000s ]
SQL: SELECT COUNT(*) AS tp_count FROM `feiyue_user` WHERE `username` = 'admin' LIMIT 1   [ RunTime:0.0000s ]

[ 2016-01-07T20:46:13+08:00 ] 192.168.122.28 /index.php/Admin/Manager/ajaxCheckName
INFO: [ app_begin ] --START--
INFO: Run Behavior\ReadHtmlCacheBehavior [ RunTime:0.000000s ]
INFO: [ app_begin ] --END-- [ RunTime:0.000000s ]
SQL: SHOW COLUMNS FROM `feiyue_user` [ RunTime:0.0000s ]
SQL: SELECT COUNT(*) AS tp_count FROM `feiyue_user` WHERE `username` = 'admin' LIMIT 1   [ RunTime:0.0000s ]

[ 2016-01-07T20:46:24+08:00 ] 192.168.122.28 /index.php/Admin/Manager/ajaxCheckName
INFO: [ app_begin ] --START--
INFO: Run Behavior\ReadHtmlCacheBehavior [ RunTime:0.000000s ]
INFO: [ app_begin ] --END-- [ RunTime:0.000000s ]
SQL: SHOW COLUMNS FROM `feiyue_user` [ RunTime:0.0000s ]
SQL: SELECT COUNT(*) AS tp_count FROM `feiyue_user` WHERE `username` = 'admin' LIMIT 1   [ RunTime:0.0000s ]

[ 2016-01-07T20:46:36+08:00 ] 192.168.122.28 /index.php/Admin/Manager/ajaxCheckName
INFO: [ app_begin ] --START--
INFO: Run Behavior\ReadHtmlCacheBehavior [ RunTime:0.000000s ]
INFO: [ app_begin ] --END-- [ RunTime:0.000000s ]
SQL: SHOW COLUMNS FROM `feiyue_user` [ RunTime:0.0000s ]
SQL: SELECT COUNT(*) AS tp_count FROM `feiyue_user` WHERE `username` = 'admin' LIMIT 1   [ RunTime:0.0000s ]

[ 2016-01-07T20:49:14+08:00 ] 192.168.122.91 /index.php/Admin/Login/ajaxCheckName
INFO: [ app_begin ] --START--
INFO: Run Behavior\ReadHtmlCacheBehavior [ RunTime:0.000000s ]
INFO: [ app_begin ] --END-- [ RunTime:0.000000s ]
SQL: SHOW COLUMNS FROM `feiyue_user` [ RunTime:0.0000s ]
SQL: SELECT COUNT(*) AS tp_count FROM `feiyue_user` WHERE `username` = 'admin' LIMIT 1   [ RunTime:0.0000s ]

[ 2016-01-07T20:49:52+08:00 ] 192.168.122.91 /index.php/Admin/Manager/ajaxCheckName
INFO: [ app_begin ] --START--
INFO: Run Behavior\ReadHtmlCacheBehavior [ RunTime:0.000000s ]
INFO: [ app_begin ] --END-- [ RunTime:0.000000s ]
SQL: SHOW COLUMNS FROM `feiyue_user` [ RunTime:0.0156s ]
SQL: SELECT COUNT(*) AS tp_count FROM `feiyue_user` WHERE `username` = '13293200267' LIMIT 1   [ RunTime:0.0000s ]

[ 2016-01-07T20:56:57+08:00 ] 192.168.122.91 /index.php/Admin/Manager/ajaxCheckName
INFO: [ app_begin ] --START--
INFO: Run Behavior\ReadHtmlCacheBehavior [ RunTime:0.000000s ]
INFO: [ app_begin ] --END-- [ RunTime:0.000000s ]
SQL: SHOW COLUMNS FROM `feiyue_user` [ RunTime:0.0156s ]
SQL: SELECT COUNT(*) AS tp_count FROM `feiyue_user` WHERE `username` = 'admin' LIMIT 1   [ RunTime:0.0000s ]

[ 2016-01-07T20:57:12+08:00 ] 192.168.122.91 /index.php/Admin/Manager/ajaxCheckName
INFO: [ app_begin ] --START--
INFO: Run Behavior\ReadHtmlCacheBehavior [ RunTime:0.000000s ]
INFO: [ app_begin ] --END-- [ RunTime:0.015625s ]
SQL: SHOW COLUMNS FROM `feiyue_user` [ RunTime:0.0156s ]
SQL: SELECT COUNT(*) AS tp_count FROM `feiyue_user` WHERE `username` = 'admin' LIMIT 1   [ RunTime:0.0000s ]

[ 2016-01-07T20:57:27+08:00 ] 192.168.122.91 /index.php/Admin/Manager/ajaxCheckName
INFO: [ app_begin ] --START--
INFO: Run Behavior\ReadHtmlCacheBehavior [ RunTime:0.000000s ]
INFO: [ app_begin ] --END-- [ RunTime:0.000000s ]
SQL: SHOW COLUMNS FROM `feiyue_user` [ RunTime:0.0000s ]
SQL: SELECT COUNT(*) AS tp_count FROM `feiyue_user` WHERE `username` = 'admin' LIMIT 1   [ RunTime:0.0156s ]

[ 2016-01-07T22:09:42+08:00 ] 192.168.122.91 /index.php/Admin/Manager/ajaxCheckName
INFO: [ app_begin ] --START--
INFO: Run Behavior\ReadHtmlCacheBehavior [ RunTime:0.015625s ]
INFO: [ app_begin ] --END-- [ RunTime:0.015625s ]
SQL: SHOW COLUMNS FROM `feiyue_user` [ RunTime:0.0000s ]
SQL: SELECT COUNT(*) AS tp_count FROM `feiyue_user` WHERE `username` = '13293200260' LIMIT 1   [ RunTime:0.0000s ]

[ 2016-01-07T22:10:25+08:00 ] 192.168.122.91 /index.php/Admin/Manager/ajaxCheckName
INFO: [ app_begin ] --START--
INFO: Run Behavior\ReadHtmlCacheBehavior [ RunTime:0.000000s ]
INFO: [ app_begin ] --END-- [ RunTime:0.000000s ]
SQL: SHOW COLUMNS FROM `feiyue_user` [ RunTime:0.0000s ]
SQL: SELECT COUNT(*) AS tp_count FROM `feiyue_user` WHERE `username` = '13293200260' LIMIT 1   [ RunTime:0.0000s ]

[ 2016-01-07T22:16:08+08:00 ] 192.168.122.91 /index.php/Admin/Manager/ajaxCheckName
INFO: [ app_begin ] --START--
INFO: Run Behavior\ReadHtmlCacheBehavior [ RunTime:0.000000s ]
INFO: [ app_begin ] --END-- [ RunTime:0.000000s ]
SQL: SHOW COLUMNS FROM `feiyue_user` [ RunTime:0.0000s ]
SQL: SELECT COUNT(*) AS tp_count FROM `feiyue_user` WHERE `username` = '13293200260' LIMIT 1   [ RunTime:0.0000s ]

[ 2016-01-07T22:16:16+08:00 ] 192.168.122.91 /index.php/Admin/Manager/ajaxCheckName
INFO: [ app_begin ] --START--
INFO: Run Behavior\ReadHtmlCacheBehavior [ RunTime:0.000000s ]
INFO: [ app_begin ] --END-- [ RunTime:0.000000s ]
SQL: SHOW COLUMNS FROM `feiyue_user` [ RunTime:0.0156s ]
SQL: SELECT COUNT(*) AS tp_count FROM `feiyue_user` WHERE `username` = 'admin' LIMIT 1   [ RunTime:0.0000s ]

[ 2016-01-07T22:16:24+08:00 ] 192.168.122.91 /index.php/Admin/Manager/ajaxCheckName
INFO: [ app_begin ] --START--
INFO: Run Behavior\ReadHtmlCacheBehavior [ RunTime:0.000000s ]
INFO: [ app_begin ] --END-- [ RunTime:0.000000s ]
SQL: SHOW COLUMNS FROM `feiyue_user` [ RunTime:0.0000s ]
SQL: SELECT COUNT(*) AS tp_count FROM `feiyue_user` WHERE `username` = 'admin' LIMIT 1   [ RunTime:0.0000s ]

[ 2016-01-07T22:16:51+08:00 ] 192.168.122.91 /index.php/Admin/Manager/ajaxCheckName
INFO: [ app_begin ] --START--
INFO: Run Behavior\ReadHtmlCacheBehavior [ RunTime:0.000000s ]
INFO: [ app_begin ] --END-- [ RunTime:0.000000s ]
SQL: SHOW COLUMNS FROM `feiyue_user` [ RunTime:0.0000s ]
SQL: SELECT COUNT(*) AS tp_count FROM `feiyue_user` WHERE `username` = '13293200267' LIMIT 1   [ RunTime:0.0000s ]

[ 2016-01-07T22:16:55+08:00 ] 192.168.122.91 /index.php/Admin/Manager/ajaxCheckName
INFO: [ app_begin ] --START--
INFO: Run Behavior\ReadHtmlCacheBehavior [ RunTime:0.000000s ]
INFO: [ app_begin ] --END-- [ RunTime:0.000000s ]
SQL: SHOW COLUMNS FROM `feiyue_user` [ RunTime:0.0156s ]
SQL: SELECT COUNT(*) AS tp_count FROM `feiyue_user` WHERE `username` = '13293200260' LIMIT 1   [ RunTime:0.0000s ]

[ 2016-01-07T22:17:18+08:00 ] 192.168.122.91 /index.php/Admin/Manager/ajaxCheckName
INFO: [ app_begin ] --START--
INFO: Run Behavior\ReadHtmlCacheBehavior [ RunTime:0.031250s ]
INFO: [ app_begin ] --END-- [ RunTime:0.031250s ]
SQL: SHOW COLUMNS FROM `feiyue_user` [ RunTime:0.0000s ]
SQL: SELECT COUNT(*) AS tp_count FROM `feiyue_user` WHERE `username` = '13293200260' LIMIT 1   [ RunTime:0.0000s ]

[ 2016-01-07T22:43:59+08:00 ] 192.168.122.91 /index.php/Admin/Manager/ajaxCheckName
INFO: [ app_begin ] --START--
INFO: Run Behavior\ReadHtmlCacheBehavior [ RunTime:0.000000s ]
INFO: [ app_begin ] --END-- [ RunTime:0.000000s ]
SQL: SHOW COLUMNS FROM `feiyue_user` [ RunTime:0.0156s ]
SQL: SELECT COUNT(*) AS tp_count FROM `feiyue_user` WHERE `username` = 'admin' LIMIT 1   [ RunTime:0.0000s ]

