[ 2016-01-08T13:38:53+08:00 ] 192.168.122.249 /index.php/Admin/Manager/ajaxCheckName
INFO: [ app_begin ] --START--
INFO: Run Behavior\ReadHtmlCacheBehavior [ RunTime:0.000000s ]
INFO: [ app_begin ] --END-- [ RunTime:0.000000s ]
SQL: SHOW COLUMNS FROM `feiyue_user` [ RunTime:0.0000s ]
SQL: SELECT COUNT(*) AS tp_count FROM `feiyue_user` WHERE `username` = 'admin' LIMIT 1   [ RunTime:0.0000s ]

[ 2016-01-08T14:00:25+08:00 ] 192.168.122.249 /index.php/Admin/Manager/ajaxCheckName
INFO: [ app_begin ] --START--
INFO: Run Behavior\ReadHtmlCacheBehavior [ RunTime:0.000000s ]
INFO: [ app_begin ] --END-- [ RunTime:0.000000s ]
SQL: SHOW COLUMNS FROM `feiyue_user` [ RunTime:0.0000s ]
SQL: SELECT COUNT(*) AS tp_count FROM `feiyue_user` WHERE `username` = 'admin' LIMIT 1   [ RunTime:0.0000s ]

[ 2016-01-08T14:06:24+08:00 ] 192.168.122.249 /index.php/Admin/Manager/ajaxCheckName
INFO: [ app_begin ] --START--
INFO: Run Behavior\ReadHtmlCacheBehavior [ RunTime:0.000000s ]
INFO: [ app_begin ] --END-- [ RunTime:0.000000s ]
SQL: SHOW COLUMNS FROM `feiyue_user` [ RunTime:0.0156s ]
SQL: SELECT COUNT(*) AS tp_count FROM `feiyue_user` WHERE `username` = 'admin' LIMIT 1   [ RunTime:0.0000s ]

[ 2016-01-08T16:20:16+08:00 ] 192.168.122.91 /index.php/Admin/Manager/ajaxCheckName
INFO: [ app_begin ] --START--
INFO: Run Behavior\ReadHtmlCacheBehavior [ RunTime:0.000000s ]
INFO: [ app_begin ] --END-- [ RunTime:0.000000s ]
SQL: SHOW COLUMNS FROM `feiyue_user` [ RunTime:0.0469s ]
SQL: SELECT COUNT(*) AS tp_count FROM `feiyue_user` WHERE `username` = 'admin' LIMIT 1   [ RunTime:0.0156s ]

