[ 2016-01-06T10:15:17+08:00 ] 192.168.122.91 /index.php/Admin/Manager/ajaxCheckName
INFO: [ app_begin ] --START--
INFO: Run Behavior\ReadHtmlCacheBehavior [ RunTime:0.000610s ]
INFO: [ app_begin ] --END-- [ RunTime:0.001147s ]
SQL: SHOW COLUMNS FROM `feiyue_user` [ RunTime:0.0034s ]
SQL: SELECT COUNT(*) AS tp_count FROM `feiyue_user` WHERE `username` = 'admin' LIMIT 1   [ RunTime:0.0004s ]

[ 2016-01-06T10:33:04+08:00 ] 192.168.122.91 /index.php/Admin/Manager/ajaxCheckName
INFO: [ app_begin ] --START--
INFO: Run Behavior\ReadHtmlCacheBehavior [ RunTime:0.001130s ]
INFO: [ app_begin ] --END-- [ RunTime:0.001939s ]
SQL: SHOW COLUMNS FROM `feiyue_user` [ RunTime:0.0067s ]
SQL: SELECT COUNT(*) AS tp_count FROM `feiyue_user` WHERE `username` = '13567899009' LIMIT 1   [ RunTime:0.0005s ]

[ 2016-01-06T10:33:21+08:00 ] 192.168.122.91 /index.php/Admin/Shop/add.html
ERR: 1146:Table 'feiyue.feiyue_store_color' doesn't exist
 [ SQL语句 ] : SHOW COLUMNS FROM `feiyue_store_color`

[ 2016-01-06T11:04:46+08:00 ] 127.0.0.1 /index.php/Admin/Manager/ajaxCheckName
INFO: [ app_begin ] --START--
INFO: Run Behavior\ReadHtmlCacheBehavior [ RunTime:0.000791s ]
INFO: [ app_begin ] --END-- [ RunTime:0.001227s ]
SQL: SHOW COLUMNS FROM `feiyue_user` [ RunTime:0.0041s ]
SQL: SELECT COUNT(*) AS tp_count FROM `feiyue_user` WHERE `username` = 'admin' LIMIT 1   [ RunTime:0.0005s ]

[ 2016-01-06T11:04:58+08:00 ] 127.0.0.1 /index.php/Admin/Manager/ajaxCheckName
INFO: [ app_begin ] --START--
INFO: Run Behavior\ReadHtmlCacheBehavior [ RunTime:0.000719s ]
INFO: [ app_begin ] --END-- [ RunTime:0.001121s ]
SQL: SHOW COLUMNS FROM `feiyue_user` [ RunTime:0.0038s ]
SQL: SELECT COUNT(*) AS tp_count FROM `feiyue_user` WHERE `username` = 'admin' LIMIT 1   [ RunTime:0.0011s ]

[ 2016-01-06T13:30:02+08:00 ] 192.168.122.91 /index.php/Admin/Manager/ajaxCheckName
INFO: [ app_begin ] --START--
INFO: Run Behavior\ReadHtmlCacheBehavior [ RunTime:0.000911s ]
INFO: [ app_begin ] --END-- [ RunTime:0.001420s ]
SQL: SHOW COLUMNS FROM `feiyue_user` [ RunTime:0.0040s ]
SQL: SELECT COUNT(*) AS tp_count FROM `feiyue_user` WHERE `username` = '13567899009' LIMIT 1   [ RunTime:0.0003s ]

[ 2016-01-06T13:30:17+08:00 ] 192.168.122.91 /index.php/Admin/Manager/ajaxCheckName
INFO: [ app_begin ] --START--
INFO: Run Behavior\ReadHtmlCacheBehavior [ RunTime:0.001190s ]
INFO: [ app_begin ] --END-- [ RunTime:0.001975s ]
SQL: SHOW COLUMNS FROM `feiyue_user` [ RunTime:0.0041s ]
SQL: SELECT COUNT(*) AS tp_count FROM `feiyue_user` WHERE `username` = '13567899009' LIMIT 1   [ RunTime:0.0003s ]

[ 2016-01-06T15:14:30+08:00 ] 192.168.122.28 /index.php/Admin/Manager/ajaxCheckName
INFO: [ app_begin ] --START--
INFO: Run Behavior\ReadHtmlCacheBehavior [ RunTime:0.001337s ]
INFO: [ app_begin ] --END-- [ RunTime:0.002037s ]
SQL: SHOW COLUMNS FROM `feiyue_user` [ RunTime:0.0038s ]
SQL: SELECT COUNT(*) AS tp_count FROM `feiyue_user` WHERE `username` = 'admin' LIMIT 1   [ RunTime:0.0003s ]

[ 2016-01-06T16:08:23+08:00 ] 192.168.122.28 /index.php/Admin/Manager/ajaxCheckName
INFO: [ app_begin ] --START--
INFO: Run Behavior\ReadHtmlCacheBehavior [ RunTime:0.001071s ]
INFO: [ app_begin ] --END-- [ RunTime:0.001666s ]
SQL: SHOW COLUMNS FROM `feiyue_user` [ RunTime:0.0040s ]
SQL: SELECT COUNT(*) AS tp_count FROM `feiyue_user` WHERE `username` = 'admin' LIMIT 1   [ RunTime:0.0003s ]

[ 2016-01-06T16:19:24+08:00 ] 127.0.0.1 /index.php/Admin/Manager/ajaxCheckName
INFO: [ app_begin ] --START--
INFO: Run Behavior\ReadHtmlCacheBehavior [ RunTime:0.000888s ]
INFO: [ app_begin ] --END-- [ RunTime:0.001355s ]
SQL: SHOW COLUMNS FROM `feiyue_user` [ RunTime:0.0052s ]
SQL: SELECT COUNT(*) AS tp_count FROM `feiyue_user` WHERE `username` = 'admin' LIMIT 1   [ RunTime:0.0005s ]

[ 2016-01-06T16:27:17+08:00 ] 127.0.0.1 /index.php/Admin/Manager/ajaxCheckName
INFO: [ app_begin ] --START--
INFO: Run Behavior\ReadHtmlCacheBehavior [ RunTime:0.000899s ]
INFO: [ app_begin ] --END-- [ RunTime:0.001734s ]
SQL: SHOW COLUMNS FROM `feiyue_user` [ RunTime:0.0079s ]
SQL: SELECT COUNT(*) AS tp_count FROM `feiyue_user` WHERE `username` = 'admin' LIMIT 1   [ RunTime:0.0008s ]

[ 2016-01-06T16:29:21+08:00 ] 192.168.122.28 /index.php/Admin/Order/modifyState.html
INFO: [ app_begin ] --START--
INFO: Run Behavior\ReadHtmlCacheBehavior [ RunTime:0.001400s ]
INFO: [ app_begin ] --END-- [ RunTime:0.002019s ]
SQL: SHOW COLUMNS FROM `feiyue_goods_order` [ RunTime:0.0046s ]
SQL: UPDATE `feiyue_goods_order` SET `state`='1' WHERE ( id=77 ) [ RunTime:0.0846s ]

[ 2016-01-06T16:29:46+08:00 ] 192.168.122.28 /index.php/Admin/Order/modifyState.html
INFO: [ app_begin ] --START--
INFO: Run Behavior\ReadHtmlCacheBehavior [ RunTime:0.001125s ]
INFO: [ app_begin ] --END-- [ RunTime:0.001783s ]
SQL: SHOW COLUMNS FROM `feiyue_goods_order` [ RunTime:0.0066s ]
SQL: UPDATE `feiyue_goods_order` SET `state`='2' WHERE ( id=75 ) [ RunTime:0.1368s ]

[ 2016-01-06T16:30:41+08:00 ] 192.168.122.28 /index.php/Admin/Order/modifyState.html
INFO: [ app_begin ] --START--
INFO: Run Behavior\ReadHtmlCacheBehavior [ RunTime:0.000690s ]
INFO: [ app_begin ] --END-- [ RunTime:0.001580s ]
SQL: SHOW COLUMNS FROM `feiyue_goods_order` [ RunTime:0.0035s ]
SQL: UPDATE `feiyue_goods_order` SET `state`='2' WHERE ( id=75 ) [ RunTime:0.1174s ]

[ 2016-01-06T16:34:16+08:00 ] 192.168.122.28 /index.php/Admin/Order/modifyState.html
INFO: [ app_begin ] --START--
INFO: Run Behavior\ReadHtmlCacheBehavior [ RunTime:0.001324s ]
INFO: [ app_begin ] --END-- [ RunTime:0.001988s ]
SQL: SHOW COLUMNS FROM `feiyue_goods_order` [ RunTime:0.0038s ]
SQL: UPDATE `feiyue_goods_order` SET `state`='2' WHERE ( id=75 ) [ RunTime:0.0782s ]

[ 2016-01-06T21:31:07+08:00 ] 127.0.0.1 /index.php/Admin/Manager/ajaxCheckName
INFO: [ app_begin ] --START--
INFO: Run Behavior\ReadHtmlCacheBehavior [ RunTime:0.005532s ]
INFO: [ app_begin ] --END-- [ RunTime:0.008536s ]
SQL: SHOW COLUMNS FROM `feiyue_user` [ RunTime:0.0185s ]
SQL: SELECT COUNT(*) AS tp_count FROM `feiyue_user` WHERE `username` = 'admin' LIMIT 1   [ RunTime:0.0014s ]

[ 2016-01-06T21:31:20+08:00 ] 127.0.0.1 /index.php/Admin/Manager/ajaxCheckName
INFO: [ app_begin ] --START--
INFO: Run Behavior\ReadHtmlCacheBehavior [ RunTime:0.004309s ]
INFO: [ app_begin ] --END-- [ RunTime:0.006597s ]
SQL: SHOW COLUMNS FROM `feiyue_user` [ RunTime:0.0161s ]
SQL: SELECT COUNT(*) AS tp_count FROM `feiyue_user` WHERE `username` = 'admin' LIMIT 1   [ RunTime:0.0010s ]

[ 2016-01-06T22:49:34+08:00 ] 127.0.0.1 /index.php/Admin/WebFirst/delFenQu.html?id=1
INFO: [ app_begin ] --START--
INFO: Run Behavior\ReadHtmlCacheBehavior [ RunTime:0.000762s ]
INFO: [ app_begin ] --END-- [ RunTime:0.001184s ]
SQL: SHOW COLUMNS FROM `feiyue_fenqu` [ RunTime:0.0031s ]
SQL: DELETE FROM `feiyue_fenqu` WHERE `id` = 1 [ RunTime:0.0649s ]

[ 2016-01-06T22:50:50+08:00 ] 127.0.0.1 /index.php/Admin/WebFirst/delFenQu.html?id=5
INFO: [ app_begin ] --START--
INFO: Run Behavior\ReadHtmlCacheBehavior [ RunTime:0.000790s ]
INFO: [ app_begin ] --END-- [ RunTime:0.001189s ]
SQL: SHOW COLUMNS FROM `feiyue_fenqu` [ RunTime:0.0041s ]
SQL: DELETE FROM `feiyue_fenqu` WHERE `id` = 5 [ RunTime:0.1015s ]

[ 2016-01-06T22:52:32+08:00 ] 127.0.0.1 /index.php/Admin/WebFirst/delFenQu.html?id=2
INFO: [ app_begin ] --START--
INFO: Run Behavior\ReadHtmlCacheBehavior [ RunTime:0.000751s ]
INFO: [ app_begin ] --END-- [ RunTime:0.001169s ]
SQL: SHOW COLUMNS FROM `feiyue_fenqu` [ RunTime:0.0038s ]
SQL: DELETE FROM `feiyue_fenqu` WHERE `id` = 2 [ RunTime:0.1976s ]

[ 2016-01-06T22:53:52+08:00 ] 127.0.0.1 /index.php/Admin/WebFirst/delFenQu.html?id=3
INFO: [ app_begin ] --START--
INFO: Run Behavior\ReadHtmlCacheBehavior [ RunTime:0.000862s ]
INFO: [ app_begin ] --END-- [ RunTime:0.001357s ]
SQL: SHOW COLUMNS FROM `feiyue_fenqu` [ RunTime:0.0061s ]
SQL: DELETE FROM `feiyue_fenqu` WHERE `id` = 3 [ RunTime:0.0699s ]

